<?xml version="1.0" encoding="UTF-8"?>
<testsuite xmlns:xsi="http://www.w3.org/2001/XMLSchema-instance" xsi:noNamespaceSchemaLocation="https://maven.apache.org/surefire/maven-surefire-plugin/xsd/surefire-test-report.xsd" name="com.example.demo.SpringOrmApplicationTests" time="10.726" tests="10" errors="4" skipped="0" failures="0">
  <properties>
[...]
</properties>
  <testcase name="insertEmpTest" classname="com.example.demo.SpringOrmApplicationTests" time="0.614"/>
  <testcase name="insertDeptTest" classname="com.example.demo.SpringOrmApplicationTests" time="0.327">
    <error message="could not execute statement; SQL [n/a]; constraint [SYS_PK_10108]; nested exception is org.hibernate.exception.ConstraintViolationException: could not execute statement" type="org.springframework.dao.DataIntegrityViolationException">org.springframework.dao.DataIntegrityViolationException: could not execute statement; SQL [n/a]; constraint [SYS_PK_10108]; nested exception is org.hibernate.exception.ConstraintViolationException: could not execute statement
	at com.example.demo.SpringOrmApplicationTests.insertDeptTest(SpringOrmApplicationTests.java:34)
Caused by: org.hibernate.exception.ConstraintViolationException: could not execute statement
	at com.example.demo.SpringOrmApplicationTests.insertDeptTest(SpringOrmApplicationTests.java:34)
Caused by: java.sql.SQLIntegrityConstraintViolationException: integrity constraint violation: unique constraint or index violation; SYS_PK_10108 table: DEPT5
	at com.example.demo.SpringOrmApplicationTests.insertDeptTest(SpringOrmApplicationTests.java:34)
Caused by: org.hsqldb.HsqlException: integrity constraint violation: unique constraint or index violation; SYS_PK_10108 table: DEPT5
	at com.example.demo.SpringOrmApplicationTests.insertDeptTest(SpringOrmApplicationTests.java:34)
</error>
    <system-out><![CDATA[department inserted...
Hibernate: insert into dept5 (loc, dname, deptno) values (?, ?, ?)
2021-11-03 13:24:43.185  WARN 6199 --- [           main] o.h.engine.jdbc.spi.SqlExceptionHelper   : SQL Error: -104, SQLState: 23505
2021-11-03 13:24:43.188 ERROR 6199 --- [           main] o.h.engine.jdbc.spi.SqlExceptionHelper   : integrity constraint violation: unique constraint or index violation; SYS_PK_10108 table: DEPT5
]]></system-out>
  </testcase>
  <testcase name="deleteEmpTest" classname="com.example.demo.SpringOrmApplicationTests" time="0.054">
    <error message="Object not found to delete" type="java.lang.RuntimeException">java.lang.RuntimeException: Object not found to delete
	at com.example.demo.SpringOrmApplicationTests.deleteEmpTest(SpringOrmApplicationTests.java:152)
</error>
    <system-out><![CDATA[EmployeeRepositoryImpl : Deleting Employee
Hibernate: select employee0_.empno as empno1_1_0_, employee0_.mgr as mgr2_1_0_, employee0_.comm as comm3_1_0_, employee0_.ename as ename4_1_0_, employee0_.hiredate as hiredate5_1_0_, employee0_.job as job6_1_0_, employee0_.sal as sal7_1_0_ from emp6 employee0_ where employee0_.empno=?
]]></system-out>
  </testcase>
  <testcase name="selectAllDeptTest" classname="com.example.demo.SpringOrmApplicationTests" time="0.291"/>
  <testcase name="deleteDeptTest" classname="com.example.demo.SpringOrmApplicationTests" time="0.01">
    <error message="Object not found to delete" type="java.lang.RuntimeException">java.lang.RuntimeException: Object not found to delete
	at com.example.demo.SpringOrmApplicationTests.deleteDeptTest(SpringOrmApplicationTests.java:77)
</error>
    <system-out><![CDATA[DepartmentRepositoryImpl : Deleting department
Hibernate: select department0_.deptno as deptno1_0_0_, department0_.loc as loc2_0_0_, department0_.dname as dname3_0_0_ from dept5 department0_ where department0_.deptno=?
]]></system-out>
  </testcase>
  <testcase name="selectEmpTest" classname="com.example.demo.SpringOrmApplicationTests" time="0.016"/>
  <testcase name="selectAllEmpTest" classname="com.example.demo.SpringOrmApplicationTests" time="0.01">
    <error message="Cannot invoke &quot;java.util.List.iterator()&quot; because &quot;empList&quot; is null" type="java.lang.NullPointerException">java.lang.NullPointerException: Cannot invoke "java.util.List.iterator()" because "empList" is null
	at com.example.demo.SpringOrmApplicationTests.selectAllEmpTest(SpringOrmApplicationTests.java:93)
</error>
  </testcase>
  <testcase name="updateEmpTest" classname="com.example.demo.SpringOrmApplicationTests" time="0.031"/>
  <testcase name="updateDeptTest" classname="com.example.demo.SpringOrmApplicationTests" time="0.002"/>
  <testcase name="selectDeptTest" classname="com.example.demo.SpringOrmApplicationTests" time="0.007"/>
</testsuite>